2026-01-03 19:23:43,783 - INFO - test_login - 32 - {"timestamp":"2026-01-03T11:23:46.636+00:00","status":415,"error":"Unsupported Media Type","path":"/admin/login"}
2026-01-03 19:23:44,828 - INFO - test_login - 32 - {"timestamp":"2026-01-03T11:23:47.685+00:00","status":415,"error":"Unsupported Media Type","path":"/admin/login"}
2026-01-03 19:23:45,845 - INFO - test_login - 32 - {"timestamp":"2026-01-03T11:23:48.698+00:00","status":415,"error":"Unsupported Media Type","path":"/admin/login"}
2026-01-03 19:23:46,814 - INFO - test_login - 32 - {"timestamp":"2026-01-03T11:23:49.671+00:00","status":415,"error":"Unsupported Media Type","path":"/admin/login"}
2026-01-03 19:23:47,827 - INFO - test_login - 32 - {"timestamp":"2026-01-03T11:23:50.682+00:00","status":415,"error":"Unsupported Media Type","path":"/admin/login"}
2026-01-03 19:23:48,843 - INFO - test_login - 32 - {"timestamp":"2026-01-03T11:23:51.700+00:00","status":415,"error":"Unsupported Media Type","path":"/admin/login"}
2026-01-03 19:23:49,849 - INFO - test_login - 32 - {"timestamp":"2026-01-03T11:23:52.706+00:00","status":415,"error":"Unsupported Media Type","path":"/admin/login"}
2026-01-03 19:23:50,849 - INFO - test_login - 32 - {"timestamp":"2026-01-03T11:23:53.703+00:00","status":415,"error":"Unsupported Media Type","path":"/admin/login"}
2026-01-03 19:23:51,891 - INFO - test_login - 32 - {"timestamp":"2026-01-03T11:23:54.742+00:00","status":400,"error":"Bad Request","path":"/admin/login"}
2026-01-03 19:23:52,861 - INFO - test_login - 32 - {"timestamp":"2026-01-03T11:23:55.716+00:00","status":415,"error":"Unsupported Media Type","path":"/admin/login"}
2026-01-03 19:24:07,892 - INFO - test_login - 32 - {"timestamp":"2026-01-03T11:24:10.746+00:00","status":415,"error":"Unsupported Media Type","path":"/admin/login"}
2026-01-03 19:24:08,874 - INFO - test_login - 32 - {"timestamp":"2026-01-03T11:24:11.731+00:00","status":415,"error":"Unsupported Media Type","path":"/admin/login"}
2026-01-03 19:24:09,886 - INFO - test_login - 32 - {"timestamp":"2026-01-03T11:24:12.743+00:00","status":415,"error":"Unsupported Media Type","path":"/admin/login"}
2026-01-03 19:24:10,960 - INFO - test_login - 32 - {"timestamp":"2026-01-03T11:24:13.814+00:00","status":415,"error":"Unsupported Media Type","path":"/admin/login"}
2026-01-03 19:24:12,060 - INFO - test_login - 32 - {"timestamp":"2026-01-03T11:24:14.915+00:00","status":415,"error":"Unsupported Media Type","path":"/admin/login"}
2026-01-03 19:24:13,152 - INFO - test_login - 32 - {"timestamp":"2026-01-03T11:24:16.007+00:00","status":415,"error":"Unsupported Media Type","path":"/admin/login"}
2026-01-03 19:24:14,150 - INFO - test_login - 32 - {"timestamp":"2026-01-03T11:24:17.005+00:00","status":415,"error":"Unsupported Media Type","path":"/admin/login"}
2026-01-03 19:24:15,142 - INFO - test_login - 32 - {"timestamp":"2026-01-03T11:24:17.997+00:00","status":415,"error":"Unsupported Media Type","path":"/admin/login"}
2026-01-03 19:24:16,166 - INFO - test_login - 32 - {"timestamp":"2026-01-03T11:24:19.019+00:00","status":400,"error":"Bad Request","path":"/admin/login"}
2026-01-03 19:24:17,125 - INFO - test_login - 32 - {"timestamp":"2026-01-03T11:24:19.983+00:00","status":415,"error":"Unsupported Media Type","path":"/admin/login"}
2026-01-03 19:25:07,534 - INFO - test_login - 32 - {"timestamp":"2026-01-03T11:25:10.391+00:00","status":415,"error":"Unsupported Media Type","path":"/admin/login"}
2026-01-03 19:25:08,560 - INFO - test_login - 32 - {"timestamp":"2026-01-03T11:25:11.415+00:00","status":415,"error":"Unsupported Media Type","path":"/admin/login"}
2026-01-03 19:25:09,549 - INFO - test_login - 32 - {"timestamp":"2026-01-03T11:25:12.407+00:00","status":415,"error":"Unsupported Media Type","path":"/admin/login"}
2026-01-03 19:25:10,525 - INFO - test_login - 32 - {"timestamp":"2026-01-03T11:25:13.381+00:00","status":415,"error":"Unsupported Media Type","path":"/admin/login"}
2026-01-03 19:25:11,693 - INFO - test_login - 32 - {"timestamp":"2026-01-03T11:25:14.547+00:00","status":415,"error":"Unsupported Media Type","path":"/admin/login"}
2026-01-03 19:25:12,792 - INFO - test_login - 32 - {"timestamp":"2026-01-03T11:25:15.646+00:00","status":415,"error":"Unsupported Media Type","path":"/admin/login"}
2026-01-03 19:25:13,800 - INFO - test_login - 32 - {"timestamp":"2026-01-03T11:25:16.653+00:00","status":415,"error":"Unsupported Media Type","path":"/admin/login"}
2026-01-03 19:25:14,807 - INFO - test_login - 32 - {"timestamp":"2026-01-03T11:25:17.666+00:00","status":415,"error":"Unsupported Media Type","path":"/admin/login"}
2026-01-03 19:25:15,838 - INFO - test_login - 32 - {"timestamp":"2026-01-03T11:25:18.693+00:00","status":400,"error":"Bad Request","path":"/admin/login"}
2026-01-03 19:25:16,861 - INFO - test_login - 32 - {"timestamp":"2026-01-03T11:25:19.716+00:00","status":415,"error":"Unsupported Media Type","path":"/admin/login"}
2026-01-03 19:28:22,493 - INFO - test_login - 32 - {"code":200,"message":"操作成功","data":{"tokenHead":"Bearer ","token":"eyJhbGciOiJIUzUxMiJ9.eyJzdWIiOiJhZG1pbiIsImNyZWF0ZWQiOjE3Njc0Mzk3MDUzMjYsImV4cCI6MTc2ODA0NDUwNX0.IdEB_S6-pqbciLUNiFhEtHm9Zb2TDeUMrDva-75RBJ7LIqAoBV8YGkaOgeuAZLlf0I2tZEe9va8jonQKAwWe3Q"}}
2026-01-03 19:28:23,948 - INFO - test_login - 32 - {"code":404,"message":"usernamemust not be empty","data":null}
2026-01-03 19:28:25,332 - INFO - test_login - 32 - {"code":404,"message":"passwordmust not be empty","data":null}
2026-01-03 19:28:26,650 - INFO - test_login - 32 - {"code":500,"message":"密码不正确","data":null}
2026-01-03 19:28:28,968 - INFO - test_login - 32 - {"code":404,"message":"usernamemust not be empty","data":null}
2026-01-03 19:28:30,109 - INFO - test_login - 32 - {"code":404,"message":"usernamemust not be empty","data":null}
2026-01-03 19:28:31,109 - INFO - test_login - 32 - {"code":404,"message":"passwordmust not be empty","data":null}
2026-01-03 19:28:32,129 - INFO - test_login - 32 - {"code":404,"message":"passwordmust not be empty","data":null}
2026-01-03 19:28:33,372 - INFO - test_login - 32 - {"code":404,"message":"usernamemust not be empty","data":null}
2026-01-03 19:28:34,549 - INFO - test_login - 32 - {"code":200,"message":"操作成功","data":{"tokenHead":"Bearer ","token":"eyJhbGciOiJIUzUxMiJ9.eyJzdWIiOiJhZG1pbiIsImNyZWF0ZWQiOjE3Njc0Mzk3MTc0MDEsImV4cCI6MTc2ODA0NDUxN30.aD4f_A_m_-mJofW4LT6z9xTiguL9TKT6SOVOt67xzJkDTeVX4QhYq_WGQkR3dYeKgTRvt2QDSBAitMvNmggsFQ"}}
2026-01-03 19:32:21,286 - INFO - test_login - 32 - {"code":200,"message":"操作成功","data":{"tokenHead":"Bearer ","token":"eyJhbGciOiJIUzUxMiJ9.eyJzdWIiOiJhZG1pbiIsImNyZWF0ZWQiOjE3Njc0Mzk5NDQxNDAsImV4cCI6MTc2ODA0NDc0NH0.roKsiUn0BeZKfJMSDRw2MdmOaFvivGHy0i8vGxONa88nHkvxlfoZcAXpB4N8uVLxfXdMrlZ6W8nE6FfkUujPSg"}}
2026-01-03 19:32:22,253 - INFO - test_login - 32 - {"code":404,"message":"usernamemust not be empty","data":null}
2026-01-03 19:32:23,245 - INFO - test_login - 32 - {"code":404,"message":"passwordmust not be empty","data":null}
2026-01-03 19:32:25,501 - INFO - test_login - 32 - {"code":404,"message":"usernamemust not be empty","data":null}
2026-01-03 19:32:26,521 - INFO - test_login - 32 - {"code":404,"message":"usernamemust not be empty","data":null}
2026-01-03 19:32:27,507 - INFO - test_login - 32 - {"code":404,"message":"passwordmust not be empty","data":null}
2026-01-03 19:32:28,468 - INFO - test_login - 32 - {"code":404,"message":"passwordmust not be empty","data":null}
2026-01-03 19:32:29,437 - INFO - test_login - 32 - {"code":404,"message":"usernamemust not be empty","data":null}
2026-01-03 19:32:30,504 - INFO - test_login - 32 - {"code":200,"message":"操作成功","data":{"tokenHead":"Bearer ","token":"eyJhbGciOiJIUzUxMiJ9.eyJzdWIiOiJhZG1pbiIsImNyZWF0ZWQiOjE3Njc0Mzk5NTMzNTMsImV4cCI6MTc2ODA0NDc1M30.znLOGyWWzp8rpjdIqmmr--gSWXJ12E9hpdaqWByEHJbFRjXi8FBZrsxvfuQd22f6GG6MWYw079KMBlgrYa4Xkg"}}
2026-01-03 19:33:54,684 - INFO - test_login - 32 - {"code":200,"message":"操作成功","data":{"tokenHead":"Bearer ","token":"eyJhbGciOiJIUzUxMiJ9.eyJzdWIiOiJhZG1pbiIsImNyZWF0ZWQiOjE3Njc0NDAwMzc1MzcsImV4cCI6MTc2ODA0NDgzN30.nXI2OzshHKHy-nMhZ2isz1wbdfdOiPZol0X6PL8QlN2ATyWzxk5pVFVkjNeDEpzmL5aJPs38-0VEGJoS1VEyyg"}}
2026-01-03 19:33:55,673 - INFO - test_login - 32 - {"code":404,"message":"usernamemust not be empty","data":null}
2026-01-03 19:33:56,676 - INFO - test_login - 32 - {"code":404,"message":"passwordmust not be empty","data":null}
2026-01-03 19:33:58,984 - INFO - test_login - 32 - {"code":404,"message":"usernamemust not be empty","data":null}
2026-01-03 19:33:59,989 - INFO - test_login - 32 - {"code":404,"message":"usernamemust not be empty","data":null}
2026-01-03 19:34:00,984 - INFO - test_login - 32 - {"code":404,"message":"passwordmust not be empty","data":null}
2026-01-03 19:34:01,964 - INFO - test_login - 32 - {"code":404,"message":"passwordmust not be empty","data":null}
2026-01-03 19:34:02,913 - INFO - test_login - 32 - {"code":404,"message":"usernamemust not be empty","data":null}
2026-01-03 19:34:04,022 - INFO - test_login - 32 - {"code":200,"message":"操作成功","data":{"tokenHead":"Bearer ","token":"eyJhbGciOiJIUzUxMiJ9.eyJzdWIiOiJhZG1pbiIsImNyZWF0ZWQiOjE3Njc0NDAwNDY4NzMsImV4cCI6MTc2ODA0NDg0Nn0.7bZg5Xsa8R42Vwy-d7T9rp25OWLmdBI7BP9MbyISiBIifreMPePzvbUd195TkBGrD2ZaIvtfGBnHCQkvR7KRsQ"}}
2026-01-03 19:36:22,479 - INFO - test_login - 32 - {"code":200,"message":"操作成功","data":{"tokenHead":"Bearer ","token":"eyJhbGciOiJIUzUxMiJ9.eyJzdWIiOiJhZG1pbiIsImNyZWF0ZWQiOjE3Njc0NDAxODUzMzEsImV4cCI6MTc2ODA0NDk4NX0.8pH944OqKUPa7fZwUh2uUsGpTmZTI4EIWiFDYB3qjvCN_7wG3qOJiy9c1opuXKTdNEu7W0B-nWdUjwtdWZRVew"}}
2026-01-03 19:36:23,500 - INFO - test_login - 32 - {"code":404,"message":"usernamemust not be empty","data":null}
2026-01-03 19:36:24,542 - INFO - test_login - 32 - {"code":404,"message":"passwordmust not be empty","data":null}
2026-01-03 19:36:25,610 - INFO - test_login - 32 - {"code":500,"message":"密码不正确","data":null}
2026-01-03 19:36:26,618 - INFO - test_login - 32 - {"code":404,"message":"usernamemust not be empty","data":null}
2026-01-03 19:36:27,618 - INFO - test_login - 32 - {"code":404,"message":"usernamemust not be empty","data":null}
2026-01-03 19:36:28,613 - INFO - test_login - 32 - {"code":404,"message":"passwordmust not be empty","data":null}
2026-01-03 19:36:29,632 - INFO - test_login - 32 - {"code":404,"message":"passwordmust not be empty","data":null}
2026-01-03 19:36:30,601 - INFO - test_login - 32 - {"code":404,"message":"usernamemust not be empty","data":null}
2026-01-03 19:36:31,703 - INFO - test_login - 32 - {"code":200,"message":"操作成功","data":{"tokenHead":"Bearer ","token":"eyJhbGciOiJIUzUxMiJ9.eyJzdWIiOiJhZG1pbiIsImNyZWF0ZWQiOjE3Njc0NDAxOTQ1NTYsImV4cCI6MTc2ODA0NDk5NH0.qO398O6oVXblMN-IVG79bX1yudGnvziReFzPVeElzrWYdtOyXBdQqrTw1O8LKg3AsSeYVdhvlLpBs21IvOglsg"}}
2026-01-03 19:36:56,963 - INFO - test_login - 32 - {"code":200,"message":"操作成功","data":{"tokenHead":"Bearer ","token":"eyJhbGciOiJIUzUxMiJ9.eyJzdWIiOiJhZG1pbiIsImNyZWF0ZWQiOjE3Njc0NDAyMTk4MTYsImV4cCI6MTc2ODA0NTAxOX0.akW1AU3wkBDuYBh2eq-YQAIOlyxxvGUhhN0i_v9oyJDc3rqOwFtig5xH9WA-kVePNLI63LRkAWrneDvPWRaFtA"}}
2026-01-03 19:36:57,950 - INFO - test_login - 32 - {"code":404,"message":"usernamemust not be empty","data":null}
2026-01-03 19:36:58,923 - INFO - test_login - 32 - {"code":404,"message":"passwordmust not be empty","data":null}
2026-01-03 19:37:00,010 - INFO - test_login - 32 - {"code":500,"message":"密码不正确","data":null}
2026-01-03 19:37:00,996 - INFO - test_login - 32 - {"code":404,"message":"usernamemust not be empty","data":null}
2026-01-03 19:37:01,995 - INFO - test_login - 32 - {"code":404,"message":"usernamemust not be empty","data":null}
2026-01-03 19:37:03,003 - INFO - test_login - 32 - {"code":404,"message":"passwordmust not be empty","data":null}
2026-01-03 19:37:03,980 - INFO - test_login - 32 - {"code":404,"message":"passwordmust not be empty","data":null}
2026-01-03 19:37:06,294 - INFO - test_login - 32 - {"code":200,"message":"操作成功","data":{"tokenHead":"Bearer ","token":"eyJhbGciOiJIUzUxMiJ9.eyJzdWIiOiJhZG1pbiIsImNyZWF0ZWQiOjE3Njc0NDAyMjkxNTEsImV4cCI6MTc2ODA0NTAyOX0.G-9Iss1Xjiez0FKoX1c8zArMzcPigx48y6VoaPfe54WrMr3Esu71mY6g-ZYk-4dI72lXVI5HY_U_IFMMBMMjgw"}}
2026-01-03 19:37:53,826 - INFO - test_login - 32 - {"code":200,"message":"操作成功","data":{"tokenHead":"Bearer ","token":"eyJhbGciOiJIUzUxMiJ9.eyJzdWIiOiJhZG1pbiIsImNyZWF0ZWQiOjE3Njc0NDAyNzY2ODEsImV4cCI6MTc2ODA0NTA3Nn0.orKpKaLWERxOcDN8HKEETS3p-TzqjkS7UMJ_HZx1EP630zVWavscSQ_Pwx5UAXb2nlTHqZsCbg27sK_RfV96ag"}}
2026-01-03 19:37:54,846 - INFO - test_login - 32 - {"code":404,"message":"usernamemust not be empty","data":null}
2026-01-03 19:37:56,167 - INFO - test_login - 32 - {"code":404,"message":"passwordmust not be empty","data":null}
2026-01-03 19:37:57,932 - INFO - test_login - 32 - {"code":500,"message":"密码不正确","data":null}
2026-01-03 19:37:59,417 - INFO - test_login - 32 - {"code":404,"message":"usernamemust not be empty","data":null}
2026-01-03 19:38:01,055 - INFO - test_login - 32 - {"code":404,"message":"usernamemust not be empty","data":null}
2026-01-03 19:38:02,367 - INFO - test_login - 32 - {"code":404,"message":"passwordmust not be empty","data":null}
2026-01-03 19:38:03,361 - INFO - test_login - 32 - {"code":404,"message":"passwordmust not be empty","data":null}
2026-01-03 19:38:04,350 - INFO - test_login - 32 - {"code":404,"message":"passwordmust not be empty","data":null}
2026-01-03 19:38:05,431 - INFO - test_login - 32 - {"code":200,"message":"操作成功","data":{"tokenHead":"Bearer ","token":"eyJhbGciOiJIUzUxMiJ9.eyJzdWIiOiJhZG1pbiIsImNyZWF0ZWQiOjE3Njc0NDAyODgyODYsImV4cCI6MTc2ODA0NTA4OH0.nhv9Z7MDZRF4EFAmxZvME8D_GQBt-BV2bOk5rLmc4h_UXBOA-1V0O3WmpFdfoloUMg4HNMuf2ZjWEdoh_FDLPw"}}
2026-01-03 19:38:38,500 - INFO - test_login - 32 - {"code":200,"message":"操作成功","data":{"tokenHead":"Bearer ","token":"eyJhbGciOiJIUzUxMiJ9.eyJzdWIiOiJhZG1pbiIsImNyZWF0ZWQiOjE3Njc0NDAzMjEzNTcsImV4cCI6MTc2ODA0NTEyMX0.JUs1TjaugFVdSPYA_CcS5keuXsV_sFxugcBvQoQCc0KY0YzXyXD3njvtMW0-RWccNzVUGH34VkX-9t7Q48DIsg"}}
2026-01-03 19:38:39,493 - INFO - test_login - 32 - {"code":404,"message":"usernamemust not be empty","data":null}
2026-01-03 19:38:40,470 - INFO - test_login - 32 - {"code":404,"message":"passwordmust not be empty","data":null}
2026-01-03 19:38:41,518 - INFO - test_login - 32 - {"code":500,"message":"密码不正确","data":null}
2026-01-03 19:38:42,511 - INFO - test_login - 32 - {"code":404,"message":"usernamemust not be empty","data":null}
2026-01-03 19:38:43,548 - INFO - test_login - 32 - {"code":404,"message":"usernamemust not be empty","data":null}
2026-01-03 19:38:44,539 - INFO - test_login - 32 - {"code":404,"message":"passwordmust not be empty","data":null}
2026-01-03 19:38:45,530 - INFO - test_login - 32 - {"code":404,"message":"passwordmust not be empty","data":null}
2026-01-03 19:38:46,528 - INFO - test_login - 32 - {"code":404,"message":"usernamemust not be empty","data":null}
2026-01-03 19:38:47,618 - INFO - test_login - 32 - {"code":200,"message":"操作成功","data":{"tokenHead":"Bearer ","token":"eyJhbGciOiJIUzUxMiJ9.eyJzdWIiOiJhZG1pbiIsImNyZWF0ZWQiOjE3Njc0NDAzMzA0NjUsImV4cCI6MTc2ODA0NTEzMH0.tvOhNp9slJR80r_qlBpKoffIa_yeZtY7eU-1d7ZP7cBTLHSl_1WxffQC0GUrVUsL-90A4_fXYATz2LpYpv7T3A"}}
2026-01-03 19:39:27,771 - INFO - test_login - 32 - {"code":200,"message":"操作成功","data":{"tokenHead":"Bearer ","token":"eyJhbGciOiJIUzUxMiJ9.eyJzdWIiOiJhZG1pbiIsImNyZWF0ZWQiOjE3Njc0NDAzNzA2MjcsImV4cCI6MTc2ODA0NTE3MH0._eDmGIO0jw5LfrnHDvpeg3zdm07ew6E6MI5TFH5JZLllk043_1GYLMlWRoC0XwAeR4VzPFnrqoGbpRWMtKLbRw"}}
2026-01-03 19:39:28,775 - INFO - test_login - 32 - {"code":404,"message":"usernamemust not be empty","data":null}
2026-01-03 19:39:29,768 - INFO - test_login - 32 - {"code":404,"message":"passwordmust not be empty","data":null}
2026-01-03 19:39:30,846 - INFO - test_login - 32 - {"code":500,"message":"密码不正确","data":null}
2026-01-03 19:39:31,848 - INFO - test_login - 32 - {"code":404,"message":"usernamemust not be empty","data":null}
2026-01-03 19:39:32,864 - INFO - test_login - 32 - {"code":404,"message":"usernamemust not be empty","data":null}
2026-01-03 19:39:33,843 - INFO - test_login - 32 - {"code":404,"message":"passwordmust not be empty","data":null}
2026-01-03 19:39:34,805 - INFO - test_login - 32 - {"code":404,"message":"passwordmust not be empty","data":null}
2026-01-03 19:39:35,822 - INFO - test_login - 32 - {"code":404,"message":"passwordmust not be empty","data":null}
2026-01-03 19:39:36,894 - INFO - test_login - 32 - {"code":200,"message":"操作成功","data":{"tokenHead":"Bearer ","token":"eyJhbGciOiJIUzUxMiJ9.eyJzdWIiOiJhZG1pbiIsImNyZWF0ZWQiOjE3Njc0NDAzNzk3NTEsImV4cCI6MTc2ODA0NTE3OX0.tqLGRMsxEuXj5C57L8cbmukYD2FC3WxJzTgOikD0iav4s_I4OzQ_r5Bwu3GFELnuKh9ek5Bv4HAo5R2ed8O8_w"}}
2026-01-03 22:00:48,020 - INFO - test_coupon - 33 - {"timestamp":"2026-01-03T14:00:50.907+00:00","status":404,"error":"Not Found","path":"/coupon"}
2026-01-03 22:00:50,042 - INFO - test_coupon - 33 - {"timestamp":"2026-01-03T14:00:52.929+00:00","status":404,"error":"Not Found","path":"/coupon"}
2026-01-03 22:00:52,078 - INFO - test_coupon - 33 - {"timestamp":"2026-01-03T14:00:54.963+00:00","status":404,"error":"Not Found","path":"/coupon"}
2026-01-03 22:00:54,196 - INFO - test_coupon - 33 - {"timestamp":"2026-01-03T14:00:57.082+00:00","status":404,"error":"Not Found","path":"/coupon"}
2026-01-03 22:02:39,556 - INFO - test_coupon - 33 - {"code":200,"message":"操作成功","data":{"pageNum":1,"pageSize":10,"totalPage":1,"total":3,"list":[{"id":28,"type":0,"name":"手机分类专用券","platform":0,"count":995,"amount":100.00,"perLimit":5,"minPoint":1000.00,"startTime":"2022-11-07T16:00:00.000+00:00","endTime":"2023-11-29T16:00:00.000+00:00","useType":1,"note":null,"publishCount":1000,"useCount":0,"receiveCount":5,"enableTime":"2022-11-07T16:00:00.000+00:00","code":null,"memberLevel":null},{"id":29,"type":0,"name":"苹果手机专用券","platform":0,"count":998,"amount":600.00,"perLimit":1,"minPoint":4000.00,"startTime":"2022-11-07T16:00:00.000+00:00","endTime":"2023-11-29T16:00:00.000+00:00","useType":2,"note":null,"publishCount":1000,"useCount":0,"receiveCount":2,"enableTime":"2022-11-07T16:00:00.000+00:00","code":null,"memberLevel":null},{"id":30,"type":0,"name":"小米手机专用券","platform":0,"count":998,"amount":200.00,"perLimit":1,"minPoint":2000.00,"startTime":"2022-11-07T16:00:00.000+00:00","endTime":"2023-11-29T16:00:00.000+00:00","useType":2,"note":null,"publishCount":1000,"useCount":0,"receiveCount":2,"enableTime":"2022-11-07T16:00:00.000+00:00","code":null,"memberLevel":null}]}}
2026-01-03 22:02:41,602 - INFO - test_coupon - 33 - {"code":200,"message":"操作成功","data":{"pageNum":1,"pageSize":10,"totalPage":1,"total":5,"list":[{"id":27,"type":0,"name":"全品类通用券","platform":0,"count":94,"amount":10.00,"perLimit":10,"minPoint":100.00,"startTime":"2022-11-07T16:00:00.000+00:00","endTime":"2023-11-29T16:00:00.000+00:00","useType":0,"note":null,"publishCount":100,"useCount":0,"receiveCount":6,"enableTime":"2022-11-07T16:00:00.000+00:00","code":null,"memberLevel":null},{"id":28,"type":0,"name":"手机分类专用券","platform":0,"count":995,"amount":100.00,"perLimit":5,"minPoint":1000.00,"startTime":"2022-11-07T16:00:00.000+00:00","endTime":"2023-11-29T16:00:00.000+00:00","useType":1,"note":null,"publishCount":1000,"useCount":0,"receiveCount":5,"enableTime":"2022-11-07T16:00:00.000+00:00","code":null,"memberLevel":null},{"id":29,"type":0,"name":"苹果手机专用券","platform":0,"count":998,"amount":600.00,"perLimit":1,"minPoint":4000.00,"startTime":"2022-11-07T16:00:00.000+00:00","endTime":"2023-11-29T16:00:00.000+00:00","useType":2,"note":null,"publishCount":1000,"useCount":0,"receiveCount":2,"enableTime":"2022-11-07T16:00:00.000+00:00","code":null,"memberLevel":null},{"id":30,"type":0,"name":"小米手机专用券","platform":0,"count":998,"amount":200.00,"perLimit":1,"minPoint":2000.00,"startTime":"2022-11-07T16:00:00.000+00:00","endTime":"2023-11-29T16:00:00.000+00:00","useType":2,"note":null,"publishCount":1000,"useCount":0,"receiveCount":2,"enableTime":"2022-11-07T16:00:00.000+00:00","code":null,"memberLevel":null},{"id":31,"type":0,"name":"限时优惠券","platform":0,"count":999,"amount":20.00,"perLimit":5,"minPoint":500.00,"startTime":"2022-11-30T16:00:00.000+00:00","endTime":"2022-12-21T16:00:00.000+00:00","useType":0,"note":null,"publishCount":1000,"useCount":0,"receiveCount":1,"enableTime":"2022-12-22T16:00:00.000+00:00","code":null,"memberLevel":null}]}}
2026-01-03 22:02:43,647 - INFO - test_coupon - 33 - {"code":200,"message":"操作成功","data":{"pageNum":1,"pageSize":10,"totalPage":1,"total":5,"list":[{"id":27,"type":0,"name":"全品类通用券","platform":0,"count":94,"amount":10.00,"perLimit":10,"minPoint":100.00,"startTime":"2022-11-07T16:00:00.000+00:00","endTime":"2023-11-29T16:00:00.000+00:00","useType":0,"note":null,"publishCount":100,"useCount":0,"receiveCount":6,"enableTime":"2022-11-07T16:00:00.000+00:00","code":null,"memberLevel":null},{"id":28,"type":0,"name":"手机分类专用券","platform":0,"count":995,"amount":100.00,"perLimit":5,"minPoint":1000.00,"startTime":"2022-11-07T16:00:00.000+00:00","endTime":"2023-11-29T16:00:00.000+00:00","useType":1,"note":null,"publishCount":1000,"useCount":0,"receiveCount":5,"enableTime":"2022-11-07T16:00:00.000+00:00","code":null,"memberLevel":null},{"id":29,"type":0,"name":"苹果手机专用券","platform":0,"count":998,"amount":600.00,"perLimit":1,"minPoint":4000.00,"startTime":"2022-11-07T16:00:00.000+00:00","endTime":"2023-11-29T16:00:00.000+00:00","useType":2,"note":null,"publishCount":1000,"useCount":0,"receiveCount":2,"enableTime":"2022-11-07T16:00:00.000+00:00","code":null,"memberLevel":null},{"id":30,"type":0,"name":"小米手机专用券","platform":0,"count":998,"amount":200.00,"perLimit":1,"minPoint":2000.00,"startTime":"2022-11-07T16:00:00.000+00:00","endTime":"2023-11-29T16:00:00.000+00:00","useType":2,"note":null,"publishCount":1000,"useCount":0,"receiveCount":2,"enableTime":"2022-11-07T16:00:00.000+00:00","code":null,"memberLevel":null},{"id":31,"type":0,"name":"限时优惠券","platform":0,"count":999,"amount":20.00,"perLimit":5,"minPoint":500.00,"startTime":"2022-11-30T16:00:00.000+00:00","endTime":"2022-12-21T16:00:00.000+00:00","useType":0,"note":null,"publishCount":1000,"useCount":0,"receiveCount":1,"enableTime":"2022-12-22T16:00:00.000+00:00","code":null,"memberLevel":null}]}}
2026-01-03 22:02:45,693 - INFO - test_coupon - 33 - {"code":200,"message":"操作成功","data":{"pageNum":1,"pageSize":10,"totalPage":1,"total":3,"list":[{"id":28,"type":0,"name":"手机分类专用券","platform":0,"count":995,"amount":100.00,"perLimit":5,"minPoint":1000.00,"startTime":"2022-11-07T16:00:00.000+00:00","endTime":"2023-11-29T16:00:00.000+00:00","useType":1,"note":null,"publishCount":1000,"useCount":0,"receiveCount":5,"enableTime":"2022-11-07T16:00:00.000+00:00","code":null,"memberLevel":null},{"id":29,"type":0,"name":"苹果手机专用券","platform":0,"count":998,"amount":600.00,"perLimit":1,"minPoint":4000.00,"startTime":"2022-11-07T16:00:00.000+00:00","endTime":"2023-11-29T16:00:00.000+00:00","useType":2,"note":null,"publishCount":1000,"useCount":0,"receiveCount":2,"enableTime":"2022-11-07T16:00:00.000+00:00","code":null,"memberLevel":null},{"id":30,"type":0,"name":"小米手机专用券","platform":0,"count":998,"amount":200.00,"perLimit":1,"minPoint":2000.00,"startTime":"2022-11-07T16:00:00.000+00:00","endTime":"2023-11-29T16:00:00.000+00:00","useType":2,"note":null,"publishCount":1000,"useCount":0,"receiveCount":2,"enableTime":"2022-11-07T16:00:00.000+00:00","code":null,"memberLevel":null}]}}
2026-01-03 22:03:03,326 - INFO - test_coupon - 33 - {"code":200,"message":"操作成功","data":{"pageNum":1,"pageSize":10,"totalPage":1,"total":3,"list":[{"id":28,"type":0,"name":"手机分类专用券","platform":0,"count":995,"amount":100.00,"perLimit":5,"minPoint":1000.00,"startTime":"2022-11-07T16:00:00.000+00:00","endTime":"2023-11-29T16:00:00.000+00:00","useType":1,"note":null,"publishCount":1000,"useCount":0,"receiveCount":5,"enableTime":"2022-11-07T16:00:00.000+00:00","code":null,"memberLevel":null},{"id":29,"type":0,"name":"苹果手机专用券","platform":0,"count":998,"amount":600.00,"perLimit":1,"minPoint":4000.00,"startTime":"2022-11-07T16:00:00.000+00:00","endTime":"2023-11-29T16:00:00.000+00:00","useType":2,"note":null,"publishCount":1000,"useCount":0,"receiveCount":2,"enableTime":"2022-11-07T16:00:00.000+00:00","code":null,"memberLevel":null},{"id":30,"type":0,"name":"小米手机专用券","platform":0,"count":998,"amount":200.00,"perLimit":1,"minPoint":2000.00,"startTime":"2022-11-07T16:00:00.000+00:00","endTime":"2023-11-29T16:00:00.000+00:00","useType":2,"note":null,"publishCount":1000,"useCount":0,"receiveCount":2,"enableTime":"2022-11-07T16:00:00.000+00:00","code":null,"memberLevel":null}]}}
2026-01-03 22:03:05,521 - INFO - test_coupon - 33 - {"code":200,"message":"操作成功","data":{"pageNum":1,"pageSize":10,"totalPage":1,"total":5,"list":[{"id":27,"type":0,"name":"全品类通用券","platform":0,"count":94,"amount":10.00,"perLimit":10,"minPoint":100.00,"startTime":"2022-11-07T16:00:00.000+00:00","endTime":"2023-11-29T16:00:00.000+00:00","useType":0,"note":null,"publishCount":100,"useCount":0,"receiveCount":6,"enableTime":"2022-11-07T16:00:00.000+00:00","code":null,"memberLevel":null},{"id":28,"type":0,"name":"手机分类专用券","platform":0,"count":995,"amount":100.00,"perLimit":5,"minPoint":1000.00,"startTime":"2022-11-07T16:00:00.000+00:00","endTime":"2023-11-29T16:00:00.000+00:00","useType":1,"note":null,"publishCount":1000,"useCount":0,"receiveCount":5,"enableTime":"2022-11-07T16:00:00.000+00:00","code":null,"memberLevel":null},{"id":29,"type":0,"name":"苹果手机专用券","platform":0,"count":998,"amount":600.00,"perLimit":1,"minPoint":4000.00,"startTime":"2022-11-07T16:00:00.000+00:00","endTime":"2023-11-29T16:00:00.000+00:00","useType":2,"note":null,"publishCount":1000,"useCount":0,"receiveCount":2,"enableTime":"2022-11-07T16:00:00.000+00:00","code":null,"memberLevel":null},{"id":30,"type":0,"name":"小米手机专用券","platform":0,"count":998,"amount":200.00,"perLimit":1,"minPoint":2000.00,"startTime":"2022-11-07T16:00:00.000+00:00","endTime":"2023-11-29T16:00:00.000+00:00","useType":2,"note":null,"publishCount":1000,"useCount":0,"receiveCount":2,"enableTime":"2022-11-07T16:00:00.000+00:00","code":null,"memberLevel":null},{"id":31,"type":0,"name":"限时优惠券","platform":0,"count":999,"amount":20.00,"perLimit":5,"minPoint":500.00,"startTime":"2022-11-30T16:00:00.000+00:00","endTime":"2022-12-21T16:00:00.000+00:00","useType":0,"note":null,"publishCount":1000,"useCount":0,"receiveCount":1,"enableTime":"2022-12-22T16:00:00.000+00:00","code":null,"memberLevel":null}]}}
2026-01-03 22:03:07,593 - INFO - test_coupon - 33 - {"code":200,"message":"操作成功","data":{"pageNum":1,"pageSize":10,"totalPage":1,"total":5,"list":[{"id":27,"type":0,"name":"全品类通用券","platform":0,"count":94,"amount":10.00,"perLimit":10,"minPoint":100.00,"startTime":"2022-11-07T16:00:00.000+00:00","endTime":"2023-11-29T16:00:00.000+00:00","useType":0,"note":null,"publishCount":100,"useCount":0,"receiveCount":6,"enableTime":"2022-11-07T16:00:00.000+00:00","code":null,"memberLevel":null},{"id":28,"type":0,"name":"手机分类专用券","platform":0,"count":995,"amount":100.00,"perLimit":5,"minPoint":1000.00,"startTime":"2022-11-07T16:00:00.000+00:00","endTime":"2023-11-29T16:00:00.000+00:00","useType":1,"note":null,"publishCount":1000,"useCount":0,"receiveCount":5,"enableTime":"2022-11-07T16:00:00.000+00:00","code":null,"memberLevel":null},{"id":29,"type":0,"name":"苹果手机专用券","platform":0,"count":998,"amount":600.00,"perLimit":1,"minPoint":4000.00,"startTime":"2022-11-07T16:00:00.000+00:00","endTime":"2023-11-29T16:00:00.000+00:00","useType":2,"note":null,"publishCount":1000,"useCount":0,"receiveCount":2,"enableTime":"2022-11-07T16:00:00.000+00:00","code":null,"memberLevel":null},{"id":30,"type":0,"name":"小米手机专用券","platform":0,"count":998,"amount":200.00,"perLimit":1,"minPoint":2000.00,"startTime":"2022-11-07T16:00:00.000+00:00","endTime":"2023-11-29T16:00:00.000+00:00","useType":2,"note":null,"publishCount":1000,"useCount":0,"receiveCount":2,"enableTime":"2022-11-07T16:00:00.000+00:00","code":null,"memberLevel":null},{"id":31,"type":0,"name":"限时优惠券","platform":0,"count":999,"amount":20.00,"perLimit":5,"minPoint":500.00,"startTime":"2022-11-30T16:00:00.000+00:00","endTime":"2022-12-21T16:00:00.000+00:00","useType":0,"note":null,"publishCount":1000,"useCount":0,"receiveCount":1,"enableTime":"2022-12-22T16:00:00.000+00:00","code":null,"memberLevel":null}]}}
2026-01-03 22:03:09,748 - INFO - test_coupon - 33 - {"code":200,"message":"操作成功","data":{"pageNum":1,"pageSize":10,"totalPage":1,"total":3,"list":[{"id":28,"type":0,"name":"手机分类专用券","platform":0,"count":995,"amount":100.00,"perLimit":5,"minPoint":1000.00,"startTime":"2022-11-07T16:00:00.000+00:00","endTime":"2023-11-29T16:00:00.000+00:00","useType":1,"note":null,"publishCount":1000,"useCount":0,"receiveCount":5,"enableTime":"2022-11-07T16:00:00.000+00:00","code":null,"memberLevel":null},{"id":29,"type":0,"name":"苹果手机专用券","platform":0,"count":998,"amount":600.00,"perLimit":1,"minPoint":4000.00,"startTime":"2022-11-07T16:00:00.000+00:00","endTime":"2023-11-29T16:00:00.000+00:00","useType":2,"note":null,"publishCount":1000,"useCount":0,"receiveCount":2,"enableTime":"2022-11-07T16:00:00.000+00:00","code":null,"memberLevel":null},{"id":30,"type":0,"name":"小米手机专用券","platform":0,"count":998,"amount":200.00,"perLimit":1,"minPoint":2000.00,"startTime":"2022-11-07T16:00:00.000+00:00","endTime":"2023-11-29T16:00:00.000+00:00","useType":2,"note":null,"publishCount":1000,"useCount":0,"receiveCount":2,"enableTime":"2022-11-07T16:00:00.000+00:00","code":null,"memberLevel":null}]}}
